<?xml version="1.0" encoding="UTF-8"?>
<testsuite xmlns:xsi="http://www.w3.org/2001/XMLSchema-instance" xsi:noNamespaceSchemaLocation="https://maven.apache.org/surefire/maven-surefire-plugin/xsd/surefire-test-report.xsd" version="3.0.2" name="com.outfit.recommendation.module.auth.service.AuthServiceTest" time="1.074" tests="3" errors="0" skipped="0" failures="0">
  <properties>
[...]
</properties>
  <testcase name="shouldLoginUserSuccessfully" classname="com.outfit.recommendation.module.auth.service.AuthServiceTest" time="1.011"/>
  <testcase name="shouldThrowExceptionWhenRegisteringExistingEmail" classname="com.outfit.recommendation.module.auth.service.AuthServiceTest" time="0.037"/>
  <testcase name="shouldRegisterNewUserSuccessfully" classname="com.outfit.recommendation.module.auth.service.AuthServiceTest" time="0.018"/>
</testsuite>